<?xml version="1.0" encoding="UTF-8"?>
<testsuite name="com.example.newsappcompose.data.repository.NewsRepositoryTest" tests="1" skipped="0" failures="0" errors="0" timestamp="2026-02-24T12:37:11" hostname="MacBook-Pro-von-Mariem.local" time="0.609">
  <properties/>
  <testcase name="getTopHeadlines should handle empty articles list" classname="com.example.newsappcompose.data.repository.NewsRepositoryTest" time="0.609"/>
  <system-out><![CDATA[zzzzz fr
]]></system-out>
  <system-err><![CDATA[WARNING: A Java agent has been loaded dynamically (/Users/mariemmoumni/.gradle/caches/modules-2/files-2.1/net.bytebuddy/byte-buddy-agent/1.14.9/dfb8707031008535048bad2b69735f46d0b6c5e5/byte-buddy-agent-1.14.9.jar)
WARNING: If a serviceability tool is in use, please run with -XX:+EnableDynamicAgentLoading to hide this warning
WARNING: If a serviceability tool is not in use, please run with -Djdk.instrument.traceUsage for more information
WARNING: Dynamic loading of agents will be disallowed by default in a future release
]]></system-err>
</testsuite>
